--- Copying files at Fri Nov 15 12:39:40 UTC 2024
INSTALLED plugins/workflow-aggregator.jpi : 600.vb_57cdd26fdd7
INSTALLED plugins/pipeline-input-step.jpi : 495.ve9c153f6067b_
INSTALLED plugins/mina-sshd-api-core.jpi : 2.14.0-133.vcc091215a_358
INSTALLED plugins/configuration-as-code.jpi : 1887.v9e47623cb_043
INSTALLED plugins/workflow-support.jpi : 932.vb_555de1b_a_b_94
INSTALLED plugins/workflow-scm-step.jpi : 427.v4ca_6512e7df1
INSTALLED plugins/jackson2-api.jpi : 2.17.0-379.v02de8ec9f64c
INSTALLED plugins/pipeline-model-extensions.jpi : 2.2218.v56d0cda_37c72
INSTALLED plugins/scm-api.jpi : 698.v8e3b_c788f0a_6
INSTALLED plugins/display-url-api.jpi : 2.209.v582ed814ff2f
INSTALLED plugins/workflow-durable-task-step.jpi : 1378.v6a_3e903058a_3
INSTALLED plugins/workflow-step-api.jpi : 678.v3ee58b_469476
INSTALLED plugins/script-security.jpi : 1369.v9b_98a_4e95b_2d
INSTALLED plugins/bouncycastle-api.jpi : 2.30.1.78.1-248.ve27176eb_46cb_
INSTALLED plugins/mailer.jpi : 489.vd4b_25144138f
INSTALLED plugins/authentication-tokens.jpi : 1.119.v50285141b_7e1
INSTALLED plugins/antisamy-markup-formatter.jpi : 162.v0e6ec0fcfcf6
INSTALLED plugins/jaxb.jpi : 2.3.9-1
INSTALLED plugins/json-api.jpi : 20240303-101.v7a_8666713110
INSTALLED plugins/pipeline-model-api.jpi : 2.2218.v56d0cda_37c72
INSTALLED plugins/pipeline-milestone-step.jpi : 119.vdfdc43fc3b_9a_
INSTALLED plugins/pipeline-build-step.jpi : 540.vb_e8849e1a_b_d8
INSTALLED plugins/branch-api.jpi : 2.1200.v4b_a_3da_2eb_db_4
INSTALLED plugins/jakarta-activation-api.jpi : 2.1.3-1
INSTALLED plugins/asm-api.jpi : 9.7.1-97.v4cc844130d97
INSTALLED plugins/workflow-multibranch.jpi : 795.ve0cb_1f45ca_9a_
INSTALLED plugins/pipeline-groovy-lib.jpi : 744.v5b_556ee7c253
INSTALLED plugins/workflow-cps.jpi : 3993.v3e20a_37282f8
INSTALLED plugins/metrics.jpi : 4.2.21-458.vcf496cb_839e4
INSTALLED plugins/git.jpi : 5.6.0
INSTALLED plugins/okhttp-api.jpi : 4.11.0-181.v1de5b_83857df
INSTALLED plugins/pipeline-stage-tags-metadata.jpi : 2.2218.v56d0cda_37c72
INSTALLED plugins/commons-lang3-api.jpi : 3.17.0-84.vb_b_938040b_078
INSTALLED plugins/kubernetes-client-api.jpi : 6.10.0-240.v57880ce8b_0b_2
INSTALLED plugins/plugin-util-api.jpi : 5.1.0
INSTALLED plugins/credentials-binding.jpi : 687.v619cb_15e923f
INSTALLED plugins/prism-api.jpi : 1.29.0-18
INSTALLED plugins/plain-credentials.jpi : 183.va_de8f1dd5a_2b_
INSTALLED plugins/durable-task.jpi : 577.v2a_8a_4b_7c0247
INSTALLED plugins/ionicons-api.jpi : 74.v93d5eb_813d5f
INSTALLED plugins/ssh-credentials.jpi : 343.v884f71d78167
INSTALLED plugins/commons-text-api.jpi : 1.12.0-129.v99a_50df237f7
INSTALLED plugins/cloudbees-folder.jpi : 6.955.v81e2a_35c08d3
INSTALLED plugins/variant.jpi : 60.v7290fc0eb_b_cd
INSTALLED plugins/mina-sshd-api-common.jpi : 2.14.0-133.vcc091215a_358
INSTALLED plugins/gson-api.jpi : 2.11.0-85.v1f4e87273c33
INSTALLED plugins/joda-time-api.jpi : 2.13.0-93.v9934da_29b_a_e9
INSTALLED plugins/workflow-basic-steps.jpi : 1058.vcb_fc1e3a_21a_9
INSTALLED plugins/jakarta-mail-api.jpi : 2.1.3-1
INSTALLED plugins/workflow-api.jpi : 1336.vee415d95c521
INSTALLED plugins/font-awesome-api.jpi : 6.6.0-2
INSTALLED plugins/kubernetes.jpi : 4295.v7fa_01b_309c95
INSTALLED plugins/apache-httpcomponents-client-4-api.jpi : 4.5.14-208.v438351942757
INSTALLED plugins/workflow-job.jpi : 1468.vcf4f5ee92395
INSTALLED plugins/pipeline-stage-step.jpi : 312.v8cd10304c27a_
INSTALLED plugins/javax-activation-api.jpi : 1.2.0-7
INSTALLED plugins/kubernetes-credentials.jpi : 190.v03c305394deb_
INSTALLED plugins/credentials.jpi : 1389.vd7a_b_f5fa_50a_2
INSTALLED plugins/structs.jpi : 338.v848422169819
INSTALLED plugins/instance-identity.jpi : 201.vd2a_b_5a_468a_a_6
INSTALLED plugins/git-client.jpi : 6.1.0
INSTALLED plugins/snakeyaml-api.jpi : 2.3-123.v13484c65210a_
INSTALLED plugins/caffeine-api.jpi : 3.1.8-133.v17b_1ff2e0599
INSTALLED plugins/pipeline-model-definition.jpi : 2.2218.v56d0cda_37c72
INSTALLED plugins/bootstrap5-api.jpi : 5.3.3-1
--- Copied files finished at Fri Nov 15 12:39:43 UTC 2024
--- Copying files at Tue Dec 10 05:57:52 UTC 2024
--- Copied files finished at Tue Dec 10 05:57:54 UTC 2024
--- Copying files at Tue Dec 10 06:01:18 UTC 2024
SKIPPED plugins/configuration-as-code.jpi : Installed version (1903.v004d55388f30) has been manually upgraded from initial version (1887.v9e47623cb_043)
SKIPPED plugins/workflow-support.jpi : Installed version (936.v9fa_77211ca_e1) has been manually upgraded from initial version (932.vb_555de1b_a_b_94)
SKIPPED plugins/workflow-durable-task-step.jpi : Installed version (1398.vf6c9e89e5988) has been manually upgraded from initial version (1378.v6a_3e903058a_3)
SKIPPED plugins/workflow-cps.jpi : Installed version (4000.v5198556e9cea_) has been manually upgraded from initial version (3993.v3e20a_37282f8)
SKIPPED plugins/durable-task.jpi : Installed version (581.v299a_5609d767) has been manually upgraded from initial version (577.v2a_8a_4b_7c0247)
SKIPPED plugins/ssh-credentials.jpi : Installed version (349.vb_8b_6b_9709f5b_) has been manually upgraded from initial version (343.v884f71d78167)
SKIPPED plugins/cloudbees-folder.jpi : Installed version (6.963.v6edc0fc71472) has been manually upgraded from initial version (6.955.v81e2a_35c08d3)
SKIPPED plugins/kubernetes.jpi : Installed version (4302.va_756e4b_67715) has been manually upgraded from initial version (4295.v7fa_01b_309c95)
SKIPPED plugins/workflow-job.jpi : Installed version (1472.ve4d5eca_143c4) has been manually upgraded from initial version (1468.vcf4f5ee92395)
--- Copied files finished at Tue Dec 10 06:01:20 UTC 2024
--- Copying files at Tue Dec 10 06:05:23 UTC 2024
SKIPPED plugins/configuration-as-code.jpi : Installed version (1903.v004d55388f30) has been manually upgraded from initial version (1887.v9e47623cb_043)
SKIPPED plugins/workflow-support.jpi : Installed version (936.v9fa_77211ca_e1) has been manually upgraded from initial version (932.vb_555de1b_a_b_94)
SKIPPED plugins/workflow-durable-task-step.jpi : Installed version (1398.vf6c9e89e5988) has been manually upgraded from initial version (1378.v6a_3e903058a_3)
SKIPPED plugins/workflow-cps.jpi : Installed version (4000.v5198556e9cea_) has been manually upgraded from initial version (3993.v3e20a_37282f8)
SKIPPED plugins/durable-task.jpi : Installed version (581.v299a_5609d767) has been manually upgraded from initial version (577.v2a_8a_4b_7c0247)
SKIPPED plugins/ssh-credentials.jpi : Installed version (349.vb_8b_6b_9709f5b_) has been manually upgraded from initial version (343.v884f71d78167)
SKIPPED plugins/cloudbees-folder.jpi : Installed version (6.963.v6edc0fc71472) has been manually upgraded from initial version (6.955.v81e2a_35c08d3)
SKIPPED plugins/kubernetes.jpi : Installed version (4302.va_756e4b_67715) has been manually upgraded from initial version (4295.v7fa_01b_309c95)
SKIPPED plugins/workflow-job.jpi : Installed version (1472.ve4d5eca_143c4) has been manually upgraded from initial version (1468.vcf4f5ee92395)
--- Copied files finished at Tue Dec 10 06:05:25 UTC 2024
